[debug] [2026-01-01T18:50:13.147Z] ----------------------------------------------------------------------
[debug] [2026-01-01T18:50:13.149Z] Command:       /Users/bradleybaker/.nvm/versions/node/v22.16.0/bin/node /Users/bradleybaker/.nvm/versions/node/v22.16.0/bin/firebase deploy --only functions
[debug] [2026-01-01T18:50:13.149Z] CLI Version:   15.1.0
[debug] [2026-01-01T18:50:13.149Z] Platform:      darwin
[debug] [2026-01-01T18:50:13.149Z] Node Version:  v22.16.0
[debug] [2026-01-01T18:50:13.150Z] Time:          Thu Jan 01 2026 20:50:13 GMT+0200 (South Africa Standard Time)
[debug] [2026-01-01T18:50:13.150Z] ----------------------------------------------------------------------
[debug] 
[debug] [2026-01-01T18:50:14.024Z] > command requires scopes: ["email","openid","https://www.googleapis.com/auth/cloudplatformprojects.readonly","https://www.googleapis.com/auth/firebase","https://www.googleapis.com/auth/cloud-platform"]
[debug] [2026-01-01T18:50:14.025Z] > authorizing via signed-in user (bradsgbaker14@gmail.com)
[debug] [2026-01-01T18:50:14.025Z] [iam] checking project binarybaker2025 for permissions ["cloudfunctions.functions.create","cloudfunctions.functions.delete","cloudfunctions.functions.get","cloudfunctions.functions.list","cloudfunctions.functions.update","cloudfunctions.operations.get","firebase.projects.get"]
[debug] [2026-01-01T18:50:14.025Z] Checked if tokens are valid: true, expires at: 1767296599717
[debug] [2026-01-01T18:50:14.025Z] Checked if tokens are valid: true, expires at: 1767296599717
[debug] [2026-01-01T18:50:14.026Z] >>> [apiv2][query] POST https://cloudresourcemanager.googleapis.com/v1/projects/binarybaker2025:testIamPermissions [none]
[debug] [2026-01-01T18:50:14.026Z] >>> [apiv2][(partial)header] POST https://cloudresourcemanager.googleapis.com/v1/projects/binarybaker2025:testIamPermissions x-goog-quota-user=projects/binarybaker2025
[debug] [2026-01-01T18:50:14.026Z] >>> [apiv2][body] POST https://cloudresourcemanager.googleapis.com/v1/projects/binarybaker2025:testIamPermissions {"permissions":["cloudfunctions.functions.create","cloudfunctions.functions.delete","cloudfunctions.functions.get","cloudfunctions.functions.list","cloudfunctions.functions.update","cloudfunctions.operations.get","firebase.projects.get"]}
[debug] [2026-01-01T18:50:20.601Z] <<< [apiv2][status] POST https://cloudresourcemanager.googleapis.com/v1/projects/binarybaker2025:testIamPermissions 200
[debug] [2026-01-01T18:50:20.602Z] <<< [apiv2][body] POST https://cloudresourcemanager.googleapis.com/v1/projects/binarybaker2025:testIamPermissions {"permissions":["cloudfunctions.functions.create","cloudfunctions.functions.delete","cloudfunctions.functions.get","cloudfunctions.functions.list","cloudfunctions.functions.update","cloudfunctions.operations.get","firebase.projects.get"]}
[debug] [2026-01-01T18:50:20.602Z] Checked if tokens are valid: true, expires at: 1767296599717
[debug] [2026-01-01T18:50:20.603Z] Checked if tokens are valid: true, expires at: 1767296599717
[debug] [2026-01-01T18:50:20.603Z] >>> [apiv2][query] POST https://iam.googleapis.com/v1/projects/binarybaker2025/serviceAccounts/binarybaker2025@appspot.gserviceaccount.com:testIamPermissions [none]
[debug] [2026-01-01T18:50:20.603Z] >>> [apiv2][body] POST https://iam.googleapis.com/v1/projects/binarybaker2025/serviceAccounts/binarybaker2025@appspot.gserviceaccount.com:testIamPermissions {"permissions":["iam.serviceAccounts.actAs"]}
[debug] [2026-01-01T18:50:27.494Z] <<< [apiv2][status] POST https://iam.googleapis.com/v1/projects/binarybaker2025/serviceAccounts/binarybaker2025@appspot.gserviceaccount.com:testIamPermissions 200
[debug] [2026-01-01T18:50:27.494Z] <<< [apiv2][body] POST https://iam.googleapis.com/v1/projects/binarybaker2025/serviceAccounts/binarybaker2025@appspot.gserviceaccount.com:testIamPermissions {"permissions":["iam.serviceAccounts.actAs"]}
[info] 
[info] === Deploying to 'binarybaker2025'...
[info] 
[info] i  deploying functions 
[debug] [2026-01-01T18:50:27.498Z] Checked if tokens are valid: true, expires at: 1767296599717
[debug] [2026-01-01T18:50:27.498Z] Checked if tokens are valid: true, expires at: 1767296599717
[debug] [2026-01-01T18:50:27.498Z] >>> [apiv2][query] GET https://cloudresourcemanager.googleapis.com/v1/projects/binarybaker2025 [none]
[debug] [2026-01-01T18:50:34.111Z] <<< [apiv2][status] GET https://cloudresourcemanager.googleapis.com/v1/projects/binarybaker2025 200
[debug] [2026-01-01T18:50:34.111Z] <<< [apiv2][body] GET https://cloudresourcemanager.googleapis.com/v1/projects/binarybaker2025 {"projectNumber":"895288452460","projectId":"binarybaker2025","lifecycleState":"ACTIVE","name":"binarybaker2025","labels":{"firebase":"enabled","firebase-core":"disabled"},"createTime":"2025-12-10T18:54:26.425685Z"}
[info] i  functions: preparing codebase default for deployment 
[info] i  functions: ensuring required API cloudfunctions.googleapis.com is enabled... 
[info] i  functions: ensuring required API cloudbuild.googleapis.com is enabled... 
[info] i  artifactregistry: ensuring required API artifactregistry.googleapis.com is enabled... 
[debug] [2026-01-01T18:50:34.113Z] Checked if tokens are valid: true, expires at: 1767296599717
[debug] [2026-01-01T18:50:34.114Z] Checked if tokens are valid: true, expires at: 1767296599717
[debug] [2026-01-01T18:50:34.114Z] >>> [apiv2][query] GET https://firebase.googleapis.com/v1beta1/projects/binarybaker2025/adminSdkConfig [none]
[debug] [2026-01-01T18:50:39.910Z] <<< [apiv2][status] GET https://firebase.googleapis.com/v1beta1/projects/binarybaker2025/adminSdkConfig 200
[debug] [2026-01-01T18:50:39.910Z] <<< [apiv2][body] GET https://firebase.googleapis.com/v1beta1/projects/binarybaker2025/adminSdkConfig {"projectId":"binarybaker2025","storageBucket":"binarybaker2025.firebasestorage.app"}
[debug] [2026-01-01T18:50:39.911Z] Checked if tokens are valid: true, expires at: 1767296599717
[debug] [2026-01-01T18:50:39.911Z] Checked if tokens are valid: true, expires at: 1767296599717
[debug] [2026-01-01T18:50:39.912Z] >>> [apiv2][query] GET https://runtimeconfig.googleapis.com/v1beta1/projects/binarybaker2025/configs [none]
[debug] [2026-01-01T18:50:45.640Z] <<< [apiv2][status] GET https://runtimeconfig.googleapis.com/v1beta1/projects/binarybaker2025/configs 200
[debug] [2026-01-01T18:50:45.640Z] <<< [apiv2][body] GET https://runtimeconfig.googleapis.com/v1beta1/projects/binarybaker2025/configs {}
[debug] [2026-01-01T18:50:45.643Z] Validating nodejs source
[warn] ⚠  functions: Couldn't find firebase-functions package in your source code. Have you run 'npm install'? 
[debug] [2026-01-01T18:50:45.644Z] getFunctionsSDKVersion encountered error: Cannot find module 'firebase-functions'
Require stack:
- /Users/bradleybaker/.nvm/versions/node/v22.16.0/lib/node_modules/firebase-tools/lib/deploy/functions/runtimes/node/versioning.js
- /Users/bradleybaker/.nvm/versions/node/v22.16.0/lib/node_modules/firebase-tools/lib/deploy/functions/runtimes/node/index.js
- /Users/bradleybaker/.nvm/versions/node/v22.16.0/lib/node_modules/firebase-tools/lib/deploy/functions/runtimes/index.js
- /Users/bradleybaker/.nvm/versions/node/v22.16.0/lib/node_modules/firebase-tools/lib/deploy/functions/prepare.js
- /Users/bradleybaker/.nvm/versions/node/v22.16.0/lib/node_modules/firebase-tools/lib/emulator/functionsEmulatorShared.js
- /Users/bradleybaker/.nvm/versions/node/v22.16.0/lib/node_modules/firebase-tools/lib/frameworks/index.js
- /Users/bradleybaker/.nvm/versions/node/v22.16.0/lib/node_modules/firebase-tools/lib/deploy/hosting/prepare.js
- /Users/bradleybaker/.nvm/versions/node/v22.16.0/lib/node_modules/firebase-tools/lib/deploy/hosting/index.js
- /Users/bradleybaker/.nvm/versions/node/v22.16.0/lib/node_modules/firebase-tools/lib/deploy/index.js
- /Users/bradleybaker/.nvm/versions/node/v22.16.0/lib/node_modules/firebase-tools/lib/commands/deploy.js
- /Users/bradleybaker/.nvm/versions/node/v22.16.0/lib/node_modules/firebase-tools/lib/commands/index.js
- /Users/bradleybaker/.nvm/versions/node/v22.16.0/lib/node_modules/firebase-tools/lib/index.js
- /Users/bradleybaker/.nvm/versions/node/v22.16.0/lib/node_modules/firebase-tools/lib/bin/cli.js
- /Users/bradleybaker/.nvm/versions/node/v22.16.0/lib/node_modules/firebase-tools/lib/bin/firebase.js {"code":"MODULE_NOT_FOUND","requireStack":["/Users/bradleybaker/.nvm/versions/node/v22.16.0/lib/node_modules/firebase-tools/lib/deploy/functions/runtimes/node/versioning.js","/Users/bradleybaker/.nvm/versions/node/v22.16.0/lib/node_modules/firebase-tools/lib/deploy/functions/runtimes/node/index.js","/Users/bradleybaker/.nvm/versions/node/v22.16.0/lib/node_modules/firebase-tools/lib/deploy/functions/runtimes/index.js","/Users/bradleybaker/.nvm/versions/node/v22.16.0/lib/node_modules/firebase-tools/lib/deploy/functions/prepare.js","/Users/bradleybaker/.nvm/versions/node/v22.16.0/lib/node_modules/firebase-tools/lib/emulator/functionsEmulatorShared.js","/Users/bradleybaker/.nvm/versions/node/v22.16.0/lib/node_modules/firebase-tools/lib/frameworks/index.js","/Users/bradleybaker/.nvm/versions/node/v22.16.0/lib/node_modules/firebase-tools/lib/deploy/hosting/prepare.js","/Users/bradleybaker/.nvm/versions/node/v22.16.0/lib/node_modules/firebase-tools/lib/deploy/hosting/index.js","/Users/bradleybaker/.nvm/versions/node/v22.16.0/lib/node_modules/firebase-tools/lib/deploy/index.js","/Users/bradleybaker/.nvm/versions/node/v22.16.0/lib/node_modules/firebase-tools/lib/commands/deploy.js","/Users/bradleybaker/.nvm/versions/node/v22.16.0/lib/node_modules/firebase-tools/lib/commands/index.js","/Users/bradleybaker/.nvm/versions/node/v22.16.0/lib/node_modules/firebase-tools/lib/index.js","/Users/bradleybaker/.nvm/versions/node/v22.16.0/lib/node_modules/firebase-tools/lib/bin/cli.js","/Users/bradleybaker/.nvm/versions/node/v22.16.0/lib/node_modules/firebase-tools/lib/bin/firebase.js"]}
[debug] [2026-01-01T18:50:45.646Z] checkFunctionsSDKVersion encountered error: Invalid Version:  {}
[debug] [2026-01-01T18:50:45.646Z] > [functions] package.json contents: {
  "name": "binary-baker-functions",
  "private": true,
  "main": "index.js",
  "engines": {
    "node": "20"
  },
  "dependencies": {
    "firebase-admin": "^12.6.0",
    "firebase-functions": "^4.5.0",
    "resend": "^3.2.0"
  }
}
[debug] [2026-01-01T18:50:45.646Z] Building nodejs source
[info] i  functions: Loading and analyzing source code for codebase default to determine what to deploy 
[debug] [2026-01-01T18:50:45.647Z] Could not parse firebase-functions version '' into semver.
[debug] [2026-01-01T18:50:45.649Z] Could not find functions.yaml. Must use http discovery
[debug] [2026-01-01T18:50:45.661Z] Error: Cannot find module 'firebase-functions'
Require stack:
- /Users/bradleybaker/.nvm/versions/node/v22.16.0/lib/node_modules/firebase-tools/lib/deploy/functions/runtimes/node/index.js
- /Users/bradleybaker/.nvm/versions/node/v22.16.0/lib/node_modules/firebase-tools/lib/deploy/functions/runtimes/index.js
- /Users/bradleybaker/.nvm/versions/node/v22.16.0/lib/node_modules/firebase-tools/lib/deploy/functions/prepare.js
- /Users/bradleybaker/.nvm/versions/node/v22.16.0/lib/node_modules/firebase-tools/lib/emulator/functionsEmulatorShared.js
- /Users/bradleybaker/.nvm/versions/node/v22.16.0/lib/node_modules/firebase-tools/lib/frameworks/index.js
- /Users/bradleybaker/.nvm/versions/node/v22.16.0/lib/node_modules/firebase-tools/lib/deploy/hosting/prepare.js
- /Users/bradleybaker/.nvm/versions/node/v22.16.0/lib/node_modules/firebase-tools/lib/deploy/hosting/index.js
- /Users/bradleybaker/.nvm/versions/node/v22.16.0/lib/node_modules/firebase-tools/lib/deploy/index.js
- /Users/bradleybaker/.nvm/versions/node/v22.16.0/lib/node_modules/firebase-tools/lib/commands/deploy.js
- /Users/bradleybaker/.nvm/versions/node/v22.16.0/lib/node_modules/firebase-tools/lib/commands/index.js
- /Users/bradleybaker/.nvm/versions/node/v22.16.0/lib/node_modules/firebase-tools/lib/index.js
- /Users/bradleybaker/.nvm/versions/node/v22.16.0/lib/node_modules/firebase-tools/lib/bin/cli.js
- /Users/bradleybaker/.nvm/versions/node/v22.16.0/lib/node_modules/firebase-tools/lib/bin/firebase.js
    at Function._resolveFilename (node:internal/modules/cjs/loader:1401:15)
    at Function.resolve (node:internal/modules/helpers:145:19)
    at Delegate.findFunctionsBinary (/Users/bradleybaker/.nvm/versions/node/v22.16.0/lib/node_modules/firebase-tools/lib/deploy/functions/runtimes/node/index.js:101:33)
    at Delegate.spawnFunctionsProcess (/Users/bradleybaker/.nvm/versions/node/v22.16.0/lib/node_modules/firebase-tools/lib/deploy/functions/runtimes/node/index.js:125:30)
    at Delegate.serveAdmin (/Users/bradleybaker/.nvm/versions/node/v22.16.0/lib/node_modules/firebase-tools/lib/deploy/functions/runtimes/node/index.js:143:35)
    at Delegate.discoverBuild (/Users/bradleybaker/.nvm/versions/node/v22.16.0/lib/node_modules/firebase-tools/lib/deploy/functions/runtimes/node/index.js:183:41)
    at process.processTicksAndRejections (node:internal/process/task_queues:105:5)
    at async loadCodebases (/Users/bradleybaker/.nvm/versions/node/v22.16.0/lib/node_modules/firebase-tools/lib/deploy/functions/prepare.js:324:33)
    at async prepare (/Users/bradleybaker/.nvm/versions/node/v22.16.0/lib/node_modules/firebase-tools/lib/deploy/functions/prepare.js:66:24)
    at async chain (/Users/bradleybaker/.nvm/versions/node/v22.16.0/lib/node_modules/firebase-tools/lib/deploy/index.js:43:9)
[error] 
[error] Error: An unexpected error has occurred.
